log file: logs/220512-163859_APC_train.log
begin time: 220512-163859
>>> dataset: car
>>> output_dir: output
>>> SRD: 5
>>> learning_rate: 3e-05
>>> num_train_epochs: 5.0
>>> train_batch_size: 16
>>> dropout: 0.0
>>> max_seq_length: 80
>>> eval_batch_size: 32
>>> eval_steps: 20
>>> gradient_accumulation_steps: 1
>>> device: cuda:0
>>> data_dir: atepc_datasets/car
--------------------------------------------------------------------------------
Config 1 (totally 4 configs)
No.1 training process of 5
max_apc_test_f1: 95.32	max_apc_test_acc: 96.09
No.2 training process of 5
max_apc_test_f1: 95.32	max_apc_test_acc: 96.09
No.3 training process of 5
max_apc_test_f1: 96.26	max_apc_test_acc: 96.96
No.4 training process of 5
max_apc_test_f1: 96.26	max_apc_test_acc: 96.96
No.5 training process of 5
max_apc_test_f1: 96.26	max_apc_test_acc: 96.96
>>> dataset: phone
>>> output_dir: output
>>> SRD: 5
>>> learning_rate: 3e-05
>>> num_train_epochs: 5.0
>>> train_batch_size: 16
>>> dropout: 0.0
>>> max_seq_length: 80
>>> eval_batch_size: 32
>>> eval_steps: 20
>>> gradient_accumulation_steps: 1
>>> device: cuda:0
>>> data_dir: atepc_datasets/phone
--------------------------------------------------------------------------------
Config 2 (totally 4 configs)
No.1 training process of 5
max_apc_test_f1: 96.05	max_apc_test_acc: 96.58
No.2 training process of 5
max_apc_test_f1: 96.94	max_apc_test_acc: 97.38
No.3 training process of 5
max_apc_test_f1: 96.94	max_apc_test_acc: 97.38
No.4 training process of 5
max_apc_test_f1: 96.94	max_apc_test_acc: 97.38
No.5 training process of 5
max_apc_test_f1: 96.94	max_apc_test_acc: 97.38
>>> dataset: camera
>>> output_dir: output
>>> SRD: 5
>>> learning_rate: 3e-05
>>> num_train_epochs: 5.0
>>> train_batch_size: 16
>>> dropout: 0.0
>>> max_seq_length: 80
>>> eval_batch_size: 32
>>> eval_steps: 20
>>> gradient_accumulation_steps: 1
>>> device: cuda:0
>>> data_dir: atepc_datasets/camera
--------------------------------------------------------------------------------
Config 3 (totally 4 configs)
No.1 training process of 5
max_apc_test_f1: 96.06	max_apc_test_acc: 97.01
No.2 training process of 5
max_apc_test_f1: 96.08	max_apc_test_acc: 97.01
No.3 training process of 5
max_apc_test_f1: 96.08	max_apc_test_acc: 97.01
No.4 training process of 5
max_apc_test_f1: 96.08	max_apc_test_acc: 97.01
No.5 training process of 5
max_apc_test_f1: 96.13	max_apc_test_acc: 97.01
>>> dataset: notebook
>>> output_dir: output
>>> SRD: 5
>>> learning_rate: 3e-05
>>> num_train_epochs: 5.0
>>> train_batch_size: 16
>>> dropout: 0.0
>>> max_seq_length: 80
>>> eval_batch_size: 32
>>> eval_steps: 20
>>> gradient_accumulation_steps: 1
>>> device: cuda:0
>>> data_dir: atepc_datasets/notebook
--------------------------------------------------------------------------------
Config 4 (totally 4 configs)
No.1 training process of 5
max_apc_test_f1: 89.29	max_apc_test_acc: 91.06
No.2 training process of 5
max_apc_test_f1: 89.29	max_apc_test_acc: 91.06
No.3 training process of 5
max_apc_test_f1: 89.29	max_apc_test_acc: 91.06
No.4 training process of 5
max_apc_test_f1: 90.02	max_apc_test_acc: 91.87
No.5 training process of 5
max_apc_test_f1: 90.02	max_apc_test_acc: 91.87
end time: 220512-180052
